Build started 01-09-2024 21:33:18.
     1>Project "D:\AYUSH AGARWAL\DOCUMENTS\PROJECTS\234101062_digitrecognition[2]\234101060_digitrecognition\234101060_digitrecognition\234101060_digitrecognition.vcxproj" on node 2 (rebuild target(s)).
     1>_PrepareForClean:
         Deleting file "Debug\234101060_digitrecognition.lastbuildstate".
       InitializeBuildStatus:
         Creating "Debug\234101060_digitrecognition.unsuccessfulbuild" because "AlwaysCreate" was specified.
       ClCompile:
         C:\Program Files (x86)\Microsoft Visual Studio 10.0\VC\bin\CL.exe /c /ZI /nologo /W3 /WX- /Od /Oy- /D WIN32 /D _DEBUG /D _CONSOLE /D _UNICODE /D UNICODE /Gm /EHsc /RTC1 /MDd /GS /fp:precise /Zc:wchar_t /Zc:forScope /Yc"StdAfx.h" /Fp"Debug\234101060_digitrecognition.pch" /Fo"Debug\\" /Fd"Debug\vc100.pdb" /Gd /TP /analyze- /errorReport:prompt stdafx.cpp
         stdafx.cpp
         C:\Program Files (x86)\Microsoft Visual Studio 10.0\VC\bin\CL.exe /c /ZI /nologo /W3 /WX- /Od /Oy- /D WIN32 /D _DEBUG /D _CONSOLE /D _UNICODE /D UNICODE /Gm /EHsc /RTC1 /MDd /GS /fp:precise /Zc:wchar_t /Zc:forScope /Yu"StdAfx.h" /Fp"Debug\234101060_digitrecognition.pch" /Fo"Debug\\" /Fd"Debug\vc100.pdb" /Gd /TP /analyze- /errorReport:prompt 234101060_digitrecognition.cpp
         234101060_digitrecognition.cpp
     1>d:\ayush agarwal\documents\projects\234101062_digitrecognition[2]\234101060_digitrecognition\234101060_digitrecognition\create_universe.h(47): warning C4244: 'argument' : conversion from 'lld' to 'int', possible loss of data
     1>d:\ayush agarwal\documents\projects\234101062_digitrecognition[2]\234101060_digitrecognition\234101060_digitrecognition\create_universe.h(47): warning C4244: 'argument' : conversion from 'lld' to 'int', possible loss of data
     1>d:\ayush agarwal\documents\projects\234101062_digitrecognition[2]\234101060_digitrecognition\234101060_digitrecognition\create_universe.h(132): warning C4996: 'fopen': This function or variable may be unsafe. Consider using fopen_s instead. To disable deprecation, use _CRT_SECURE_NO_WARNINGS. See online help for details.
                 c:\program files (x86)\microsoft visual studio 10.0\vc\include\stdio.h(234) : see declaration of 'fopen'
     1>d:\ayush agarwal\documents\projects\234101062_digitrecognition[2]\234101060_digitrecognition\234101060_digitrecognition\create_universe.h(143): warning C4996: 'sprintf': This function or variable may be unsafe. Consider using sprintf_s instead. To disable deprecation, use _CRT_SECURE_NO_WARNINGS. See online help for details.
                 c:\program files (x86)\microsoft visual studio 10.0\vc\include\stdio.h(371) : see declaration of 'sprintf'
     1>d:\ayush agarwal\documents\projects\234101062_digitrecognition[2]\234101060_digitrecognition\234101060_digitrecognition\create_universe.h(144): warning C4996: 'fopen': This function or variable may be unsafe. Consider using fopen_s instead. To disable deprecation, use _CRT_SECURE_NO_WARNINGS. See online help for details.
                 c:\program files (x86)\microsoft visual studio 10.0\vc\include\stdio.h(234) : see declaration of 'fopen'
     1>d:\ayush agarwal\documents\projects\234101062_digitrecognition[2]\234101060_digitrecognition\234101060_digitrecognition\create_universe.h(151): warning C4996: 'fscanf': This function or variable may be unsafe. Consider using fscanf_s instead. To disable deprecation, use _CRT_SECURE_NO_WARNINGS. See online help for details.
                 c:\program files (x86)\microsoft visual studio 10.0\vc\include\stdio.h(253) : see declaration of 'fscanf'
     1>d:\ayush agarwal\documents\projects\234101062_digitrecognition[2]\234101060_digitrecognition\234101060_digitrecognition\create_universe.h(130): warning C4101: 'count' : unreferenced local variable
     1>d:\ayush agarwal\documents\projects\234101062_digitrecognition[2]\234101060_digitrecognition\234101060_digitrecognition\create_codebook.h(85): warning C4996: 'fscanf': This function or variable may be unsafe. Consider using fscanf_s instead. To disable deprecation, use _CRT_SECURE_NO_WARNINGS. See online help for details.
                 c:\program files (x86)\microsoft visual studio 10.0\vc\include\stdio.h(253) : see declaration of 'fscanf'
     1>d:\ayush agarwal\documents\projects\234101062_digitrecognition[2]\234101060_digitrecognition\234101060_digitrecognition\create_codebook.h(90): warning C4996: 'fscanf': This function or variable may be unsafe. Consider using fscanf_s instead. To disable deprecation, use _CRT_SECURE_NO_WARNINGS. See online help for details.
                 c:\program files (x86)\microsoft visual studio 10.0\vc\include\stdio.h(253) : see declaration of 'fscanf'
     1>d:\ayush agarwal\documents\projects\234101062_digitrecognition[2]\234101060_digitrecognition\234101060_digitrecognition\create_codebook.h(91): warning C4996: 'fscanf': This function or variable may be unsafe. Consider using fscanf_s instead. To disable deprecation, use _CRT_SECURE_NO_WARNINGS. See online help for details.
                 c:\program files (x86)\microsoft visual studio 10.0\vc\include\stdio.h(253) : see declaration of 'fscanf'
     1>d:\ayush agarwal\documents\projects\234101062_digitrecognition[2]\234101060_digitrecognition\234101060_digitrecognition\create_codebook.h(164): warning C4996: 'fopen': This function or variable may be unsafe. Consider using fopen_s instead. To disable deprecation, use _CRT_SECURE_NO_WARNINGS. See online help for details.
                 c:\program files (x86)\microsoft visual studio 10.0\vc\include\stdio.h(234) : see declaration of 'fopen'
     1>d:\ayush agarwal\documents\projects\234101062_digitrecognition[2]\234101060_digitrecognition\234101060_digitrecognition\create_codebook.h(181): warning C4996: 'fopen': This function or variable may be unsafe. Consider using fopen_s instead. To disable deprecation, use _CRT_SECURE_NO_WARNINGS. See online help for details.
                 c:\program files (x86)\microsoft visual studio 10.0\vc\include\stdio.h(234) : see declaration of 'fopen'
     1>d:\ayush agarwal\documents\projects\234101062_digitrecognition[2]\234101060_digitrecognition\234101060_digitrecognition\training.h(22): warning C4996: 'fopen': This function or variable may be unsafe. Consider using fopen_s instead. To disable deprecation, use _CRT_SECURE_NO_WARNINGS. See online help for details.
                 c:\program files (x86)\microsoft visual studio 10.0\vc\include\stdio.h(234) : see declaration of 'fopen'
     1>d:\ayush agarwal\documents\projects\234101062_digitrecognition[2]\234101060_digitrecognition\234101060_digitrecognition\training.h(27): warning C4996: 'fscanf': This function or variable may be unsafe. Consider using fscanf_s instead. To disable deprecation, use _CRT_SECURE_NO_WARNINGS. See online help for details.
                 c:\program files (x86)\microsoft visual studio 10.0\vc\include\stdio.h(253) : see declaration of 'fscanf'
     1>d:\ayush agarwal\documents\projects\234101062_digitrecognition[2]\234101060_digitrecognition\234101060_digitrecognition\training.h(331): warning C4996: 'sprintf': This function or variable may be unsafe. Consider using sprintf_s instead. To disable deprecation, use _CRT_SECURE_NO_WARNINGS. See online help for details.
                 c:\program files (x86)\microsoft visual studio 10.0\vc\include\stdio.h(371) : see declaration of 'sprintf'
     1>d:\ayush agarwal\documents\projects\234101062_digitrecognition[2]\234101060_digitrecognition\234101060_digitrecognition\training.h(332): warning C4996: 'fopen': This function or variable may be unsafe. Consider using fopen_s instead. To disable deprecation, use _CRT_SECURE_NO_WARNINGS. See online help for details.
                 c:\program files (x86)\microsoft visual studio 10.0\vc\include\stdio.h(234) : see declaration of 'fopen'
     1>d:\ayush agarwal\documents\projects\234101062_digitrecognition[2]\234101060_digitrecognition\234101060_digitrecognition\training.h(334): warning C4996: 'fscanf': This function or variable may be unsafe. Consider using fscanf_s instead. To disable deprecation, use _CRT_SECURE_NO_WARNINGS. See online help for details.
                 c:\program files (x86)\microsoft visual studio 10.0\vc\include\stdio.h(253) : see declaration of 'fscanf'
     1>d:\ayush agarwal\documents\projects\234101062_digitrecognition[2]\234101060_digitrecognition\234101060_digitrecognition\training.h(336): warning C4996: 'sprintf': This function or variable may be unsafe. Consider using sprintf_s instead. To disable deprecation, use _CRT_SECURE_NO_WARNINGS. See online help for details.
                 c:\program files (x86)\microsoft visual studio 10.0\vc\include\stdio.h(371) : see declaration of 'sprintf'
     1>d:\ayush agarwal\documents\projects\234101062_digitrecognition[2]\234101060_digitrecognition\234101060_digitrecognition\training.h(337): warning C4996: 'fopen': This function or variable may be unsafe. Consider using fopen_s instead. To disable deprecation, use _CRT_SECURE_NO_WARNINGS. See online help for details.
                 c:\program files (x86)\microsoft visual studio 10.0\vc\include\stdio.h(234) : see declaration of 'fopen'
     1>d:\ayush agarwal\documents\projects\234101062_digitrecognition[2]\234101060_digitrecognition\234101060_digitrecognition\training.h(341): warning C4996: 'fscanf': This function or variable may be unsafe. Consider using fscanf_s instead. To disable deprecation, use _CRT_SECURE_NO_WARNINGS. See online help for details.
                 c:\program files (x86)\microsoft visual studio 10.0\vc\include\stdio.h(253) : see declaration of 'fscanf'
     1>d:\ayush agarwal\documents\projects\234101062_digitrecognition[2]\234101060_digitrecognition\234101060_digitrecognition\training.h(344): warning C4996: 'sprintf': This function or variable may be unsafe. Consider using sprintf_s instead. To disable deprecation, use _CRT_SECURE_NO_WARNINGS. See online help for details.
                 c:\program files (x86)\microsoft visual studio 10.0\vc\include\stdio.h(371) : see declaration of 'sprintf'
     1>d:\ayush agarwal\documents\projects\234101062_digitrecognition[2]\234101060_digitrecognition\234101060_digitrecognition\training.h(345): warning C4996: 'fopen': This function or variable may be unsafe. Consider using fopen_s instead. To disable deprecation, use _CRT_SECURE_NO_WARNINGS. See online help for details.
                 c:\program files (x86)\microsoft visual studio 10.0\vc\include\stdio.h(234) : see declaration of 'fopen'
     1>d:\ayush agarwal\documents\projects\234101062_digitrecognition[2]\234101060_digitrecognition\234101060_digitrecognition\training.h(349): warning C4996: 'fscanf': This function or variable may be unsafe. Consider using fscanf_s instead. To disable deprecation, use _CRT_SECURE_NO_WARNINGS. See online help for details.
                 c:\program files (x86)\microsoft visual studio 10.0\vc\include\stdio.h(253) : see declaration of 'fscanf'
     1>d:\ayush agarwal\documents\projects\234101062_digitrecognition[2]\234101060_digitrecognition\234101060_digitrecognition\training.h(410): warning C4996: 'sprintf': This function or variable may be unsafe. Consider using sprintf_s instead. To disable deprecation, use _CRT_SECURE_NO_WARNINGS. See online help for details.
                 c:\program files (x86)\microsoft visual studio 10.0\vc\include\stdio.h(371) : see declaration of 'sprintf'
     1>d:\ayush agarwal\documents\projects\234101062_digitrecognition[2]\234101060_digitrecognition\234101060_digitrecognition\training.h(411): warning C4996: 'fopen': This function or variable may be unsafe. Consider using fopen_s instead. To disable deprecation, use _CRT_SECURE_NO_WARNINGS. See online help for details.
                 c:\program files (x86)\microsoft visual studio 10.0\vc\include\stdio.h(234) : see declaration of 'fopen'
     1>d:\ayush agarwal\documents\projects\234101062_digitrecognition[2]\234101060_digitrecognition\234101060_digitrecognition\training.h(415): warning C4996: 'sprintf': This function or variable may be unsafe. Consider using sprintf_s instead. To disable deprecation, use _CRT_SECURE_NO_WARNINGS. See online help for details.
                 c:\program files (x86)\microsoft visual studio 10.0\vc\include\stdio.h(371) : see declaration of 'sprintf'
     1>d:\ayush agarwal\documents\projects\234101062_digitrecognition[2]\234101060_digitrecognition\234101060_digitrecognition\training.h(416): warning C4996: 'fopen': This function or variable may be unsafe. Consider using fopen_s instead. To disable deprecation, use _CRT_SECURE_NO_WARNINGS. See online help for details.
                 c:\program files (x86)\microsoft visual studio 10.0\vc\include\stdio.h(234) : see declaration of 'fopen'
     1>d:\ayush agarwal\documents\projects\234101062_digitrecognition[2]\234101060_digitrecognition\234101060_digitrecognition\training.h(426): warning C4996: 'sprintf': This function or variable may be unsafe. Consider using sprintf_s instead. To disable deprecation, use _CRT_SECURE_NO_WARNINGS. See online help for details.
                 c:\program files (x86)\microsoft visual studio 10.0\vc\include\stdio.h(371) : see declaration of 'sprintf'
     1>d:\ayush agarwal\documents\projects\234101062_digitrecognition[2]\234101060_digitrecognition\234101060_digitrecognition\training.h(427): warning C4996: 'fopen': This function or variable may be unsafe. Consider using fopen_s instead. To disable deprecation, use _CRT_SECURE_NO_WARNINGS. See online help for details.
                 c:\program files (x86)\microsoft visual studio 10.0\vc\include\stdio.h(234) : see declaration of 'fopen'
     1>d:\ayush agarwal\documents\projects\234101062_digitrecognition[2]\234101060_digitrecognition\234101060_digitrecognition\training.h(456): warning C4996: 'sprintf': This function or variable may be unsafe. Consider using sprintf_s instead. To disable deprecation, use _CRT_SECURE_NO_WARNINGS. See online help for details.
                 c:\program files (x86)\microsoft visual studio 10.0\vc\include\stdio.h(371) : see declaration of 'sprintf'
     1>d:\ayush agarwal\documents\projects\234101062_digitrecognition[2]\234101060_digitrecognition\234101060_digitrecognition\training.h(457): warning C4996: 'fopen': This function or variable may be unsafe. Consider using fopen_s instead. To disable deprecation, use _CRT_SECURE_NO_WARNINGS. See online help for details.
                 c:\program files (x86)\microsoft visual studio 10.0\vc\include\stdio.h(234) : see declaration of 'fopen'
     1>d:\ayush agarwal\documents\projects\234101062_digitrecognition[2]\234101060_digitrecognition\234101060_digitrecognition\training.h(464): warning C4996: 'fscanf': This function or variable may be unsafe. Consider using fscanf_s instead. To disable deprecation, use _CRT_SECURE_NO_WARNINGS. See online help for details.
                 c:\program files (x86)\microsoft visual studio 10.0\vc\include\stdio.h(253) : see declaration of 'fscanf'
     1>d:\ayush agarwal\documents\projects\234101062_digitrecognition[2]\234101060_digitrecognition\234101060_digitrecognition\training.h(443): warning C4101: 'count' : unreferenced local variable
     1>d:\ayush agarwal\documents\projects\234101062_digitrecognition[2]\234101060_digitrecognition\234101060_digitrecognition\testing.h(34): warning C4996: 'sprintf': This function or variable may be unsafe. Consider using sprintf_s instead. To disable deprecation, use _CRT_SECURE_NO_WARNINGS. See online help for details.
                 c:\program files (x86)\microsoft visual studio 10.0\vc\include\stdio.h(371) : see declaration of 'sprintf'
     1>d:\ayush agarwal\documents\projects\234101062_digitrecognition[2]\234101060_digitrecognition\234101060_digitrecognition\testing.h(35): warning C4996: 'fopen': This function or variable may be unsafe. Consider using fopen_s instead. To disable deprecation, use _CRT_SECURE_NO_WARNINGS. See online help for details.
                 c:\program files (x86)\microsoft visual studio 10.0\vc\include\stdio.h(234) : see declaration of 'fopen'
     1>d:\ayush agarwal\documents\projects\234101062_digitrecognition[2]\234101060_digitrecognition\234101060_digitrecognition\testing.h(42): warning C4996: 'fscanf': This function or variable may be unsafe. Consider using fscanf_s instead. To disable deprecation, use _CRT_SECURE_NO_WARNINGS. See online help for details.
                 c:\program files (x86)\microsoft visual studio 10.0\vc\include\stdio.h(253) : see declaration of 'fscanf'
     1>d:\ayush agarwal\documents\projects\234101062_digitrecognition[2]\234101060_digitrecognition\234101060_digitrecognition\testing.h(24): warning C4101: 'count' : unreferenced local variable
     1>d:\ayush agarwal\documents\projects\234101062_digitrecognition[2]\234101060_digitrecognition\234101060_digitrecognition\live_testing.h(10): warning C4996: 'scanf': This function or variable may be unsafe. Consider using scanf_s instead. To disable deprecation, use _CRT_SECURE_NO_WARNINGS. See online help for details.
                 c:\program files (x86)\microsoft visual studio 10.0\vc\include\stdio.h(304) : see declaration of 'scanf'
     1>d:\ayush agarwal\documents\projects\234101062_digitrecognition[2]\234101060_digitrecognition\234101060_digitrecognition\live_testing.h(28): warning C4996: 'fopen': This function or variable may be unsafe. Consider using fopen_s instead. To disable deprecation, use _CRT_SECURE_NO_WARNINGS. See online help for details.
                 c:\program files (x86)\microsoft visual studio 10.0\vc\include\stdio.h(234) : see declaration of 'fopen'
     1>d:\ayush agarwal\documents\projects\234101062_digitrecognition[2]\234101060_digitrecognition\234101060_digitrecognition\live_testing.h(36): warning C4996: 'fscanf': This function or variable may be unsafe. Consider using fscanf_s instead. To disable deprecation, use _CRT_SECURE_NO_WARNINGS. See online help for details.
                 c:\program files (x86)\microsoft visual studio 10.0\vc\include\stdio.h(253) : see declaration of 'fscanf'
     1>d:\ayush agarwal\documents\projects\234101062_digitrecognition[2]\234101060_digitrecognition\234101060_digitrecognition\live_testing.h(71): warning C4996: 'fopen': This function or variable may be unsafe. Consider using fopen_s instead. To disable deprecation, use _CRT_SECURE_NO_WARNINGS. See online help for details.
                 c:\program files (x86)\microsoft visual studio 10.0\vc\include\stdio.h(234) : see declaration of 'fopen'
     1>d:\ayush agarwal\documents\projects\234101062_digitrecognition[2]\234101060_digitrecognition\234101060_digitrecognition\live_testing.h(108): warning C4996: 'sprintf': This function or variable may be unsafe. Consider using sprintf_s instead. To disable deprecation, use _CRT_SECURE_NO_WARNINGS. See online help for details.
                 c:\program files (x86)\microsoft visual studio 10.0\vc\include\stdio.h(371) : see declaration of 'sprintf'
     1>d:\ayush agarwal\documents\projects\234101062_digitrecognition[2]\234101060_digitrecognition\234101060_digitrecognition\live_testing.h(109): warning C4996: 'fopen': This function or variable may be unsafe. Consider using fopen_s instead. To disable deprecation, use _CRT_SECURE_NO_WARNINGS. See online help for details.
                 c:\program files (x86)\microsoft visual studio 10.0\vc\include\stdio.h(234) : see declaration of 'fopen'
     1>d:\ayush agarwal\documents\projects\234101062_digitrecognition[2]\234101060_digitrecognition\234101060_digitrecognition\live_testing.h(118): warning C4996: 'fscanf': This function or variable may be unsafe. Consider using fscanf_s instead. To disable deprecation, use _CRT_SECURE_NO_WARNINGS. See online help for details.
                 c:\program files (x86)\microsoft visual studio 10.0\vc\include\stdio.h(253) : see declaration of 'fscanf'
     1>d:\ayush agarwal\documents\projects\234101062_digitrecognition[2]\234101060_digitrecognition\234101060_digitrecognition\live_testing.h(103): warning C4101: 'count' : unreferenced local variable
     1>d:\ayush agarwal\documents\projects\234101062_digitrecognition[2]\234101060_digitrecognition\234101060_digitrecognition\234101060_digitrecognition.cpp(27): warning C4996: 'scanf': This function or variable may be unsafe. Consider using scanf_s instead. To disable deprecation, use _CRT_SECURE_NO_WARNINGS. See online help for details.
                 c:\program files (x86)\microsoft visual studio 10.0\vc\include\stdio.h(304) : see declaration of 'scanf'
     1>d:\ayush agarwal\documents\projects\234101062_digitrecognition[2]\234101060_digitrecognition\234101060_digitrecognition\234101060_digitrecognition.cpp(51): warning C4996: 'getch': The POSIX name for this item is deprecated. Instead, use the ISO C++ conformant name: _getch. See online help for details.
                 c:\program files (x86)\microsoft visual studio 10.0\vc\include\conio.h(128) : see declaration of 'getch'
       ManifestResourceCompile:
         C:\Program Files (x86)\Microsoft SDKs\Windows\v7.0A\bin\rc.exe /nologo /fo"Debug\234101060_digitrecognition.exe.embed.manifest.res" Debug\234101060_digitrecognition_manifest.rc 
       Link:
         C:\Program Files (x86)\Microsoft Visual Studio 10.0\VC\bin\link.exe /ERRORREPORT:PROMPT /OUT:"D:\AYUSH AGARWAL\DOCUMENTS\PROJECTS\234101062_digitrecognition[2]\234101060_digitrecognition\Debug\234101060_digitrecognition.exe" /INCREMENTAL /NOLOGO kernel32.lib user32.lib gdi32.lib winspool.lib comdlg32.lib advapi32.lib shell32.lib ole32.lib oleaut32.lib uuid.lib odbc32.lib odbccp32.lib /MANIFEST /ManifestFile:"Debug\234101060_digitrecognition.exe.intermediate.manifest" /MANIFESTUAC:"level='asInvoker' uiAccess='false'" /DEBUG /PDB:"D:\AYUSH AGARWAL\DOCUMENTS\PROJECTS\234101062_digitrecognition[2]\234101060_digitrecognition\Debug\234101060_digitrecognition.pdb" /SUBSYSTEM:CONSOLE /TLBID:1 /DYNAMICBASE /NXCOMPAT /IMPLIB:"D:\AYUSH AGARWAL\DOCUMENTS\PROJECTS\234101062_digitrecognition[2]\234101060_digitrecognition\Debug\234101060_digitrecognition.lib" /MACHINE:X86 Debug\234101060_digitrecognition.exe.embed.manifest.res
         Debug\234101060_digitrecognition.obj
         Debug\stdafx.obj
       Manifest:
         Deleting file "Debug\234101060_digitrecognition.exe.embed.manifest".
         C:\Program Files (x86)\Microsoft SDKs\Windows\v7.0A\bin\mt.exe /nologo /verbose /out:"Debug\234101060_digitrecognition.exe.embed.manifest" /manifest Debug\234101060_digitrecognition.exe.intermediate.manifest
         C:\Program Files (x86)\Microsoft SDKs\Windows\v7.0A\bin\rc.exe /nologo /fo"Debug\234101060_digitrecognition.exe.embed.manifest.res" Debug\234101060_digitrecognition_manifest.rc 
       LinkEmbedManifest:
         C:\Program Files (x86)\Microsoft Visual Studio 10.0\VC\bin\link.exe /ERRORREPORT:PROMPT /OUT:"D:\AYUSH AGARWAL\DOCUMENTS\PROJECTS\234101062_digitrecognition[2]\234101060_digitrecognition\Debug\234101060_digitrecognition.exe" /INCREMENTAL /NOLOGO kernel32.lib user32.lib gdi32.lib winspool.lib comdlg32.lib advapi32.lib shell32.lib ole32.lib oleaut32.lib uuid.lib odbc32.lib odbccp32.lib /MANIFEST /ManifestFile:"Debug\234101060_digitrecognition.exe.intermediate.manifest" /MANIFESTUAC:"level='asInvoker' uiAccess='false'" /DEBUG /PDB:"D:\AYUSH AGARWAL\DOCUMENTS\PROJECTS\234101062_digitrecognition[2]\234101060_digitrecognition\Debug\234101060_digitrecognition.pdb" /SUBSYSTEM:CONSOLE /TLBID:1 /DYNAMICBASE /NXCOMPAT /IMPLIB:"D:\AYUSH AGARWAL\DOCUMENTS\PROJECTS\234101062_digitrecognition[2]\234101060_digitrecognition\Debug\234101060_digitrecognition.lib" /MACHINE:X86 Debug\234101060_digitrecognition.exe.embed.manifest.res
         Debug\234101060_digitrecognition.obj
         Debug\stdafx.obj
         234101060_digitrecognition.vcxproj -> D:\AYUSH AGARWAL\DOCUMENTS\PROJECTS\234101062_digitrecognition[2]\234101060_digitrecognition\Debug\234101060_digitrecognition.exe
       FinalizeBuildStatus:
         Deleting file "Debug\234101060_digitrecognition.unsuccessfulbuild".
         Touching "Debug\234101060_digitrecognition.lastbuildstate".
     1>Done Building Project "D:\AYUSH AGARWAL\DOCUMENTS\PROJECTS\234101062_digitrecognition[2]\234101060_digitrecognition\234101060_digitrecognition\234101060_digitrecognition.vcxproj" (rebuild target(s)).

Build succeeded.

Time Elapsed 00:00:04.56
