D:\AYUSH AGARWAL\DOCUMENTS\PROJECTS\234101062_DIGITRECOGNITION[2]\234101060_DIGITRECOGNITION\234101060_DIGITRECOGNITION\DEBUG\234101060_DIGITRECOGNITION.EXE.EMBED.MANIFEST
D:\AYUSH AGARWAL\DOCUMENTS\PROJECTS\234101062_DIGITRECOGNITION[2]\234101060_DIGITRECOGNITION\234101060_DIGITRECOGNITION\DEBUG\234101060_DIGITRECOGNITION.EXE.EMBED.MANIFEST.RES
D:\AYUSH AGARWAL\DOCUMENTS\PROJECTS\234101062_DIGITRECOGNITION[2]\234101060_DIGITRECOGNITION\234101060_DIGITRECOGNITION\DEBUG\234101060_DIGITRECOGNITION.EXE.INTERMEDIATE.MANIFEST
D:\AYUSH AGARWAL\DOCUMENTS\PROJECTS\234101062_DIGITRECOGNITION[2]\234101060_DIGITRECOGNITION\234101060_DIGITRECOGNITION\DEBUG\234101060_DIGITRECOGNITION.OBJ
D:\AYUSH AGARWAL\DOCUMENTS\PROJECTS\234101062_DIGITRECOGNITION[2]\234101060_DIGITRECOGNITION\234101060_DIGITRECOGNITION\DEBUG\234101060_DIGITRECOGNITION.PCH
D:\AYUSH AGARWAL\DOCUMENTS\PROJECTS\234101062_digitrecognition[2]\234101060_digitrecognition\234101060_digitrecognition\Debug\234101060_digitrecognition.vcxprojResolveAssemblyReference.cache
D:\AYUSH AGARWAL\DOCUMENTS\PROJECTS\234101062_digitrecognition[2]\234101060_digitrecognition\234101060_digitrecognition\Debug\234101060_digitrecognition.write.1.tlog
D:\AYUSH AGARWAL\DOCUMENTS\PROJECTS\234101062_digitrecognition[2]\234101060_digitrecognition\234101060_digitrecognition\Debug\234101060_digitrecognition_manifest.rc
D:\AYUSH AGARWAL\DOCUMENTS\PROJECTS\234101062_digitrecognition[2]\234101060_digitrecognition\234101060_digitrecognition\Debug\cl.command.1.tlog
D:\AYUSH AGARWAL\DOCUMENTS\PROJECTS\234101062_digitrecognition[2]\234101060_digitrecognition\234101060_digitrecognition\Debug\CL.read.1.tlog
D:\AYUSH AGARWAL\DOCUMENTS\PROJECTS\234101062_digitrecognition[2]\234101060_digitrecognition\234101060_digitrecognition\Debug\CL.write.1.tlog
D:\AYUSH AGARWAL\DOCUMENTS\PROJECTS\234101062_digitrecognition[2]\234101060_digitrecognition\234101060_digitrecognition\Debug\link.4312.read.1.tlog
D:\AYUSH AGARWAL\DOCUMENTS\PROJECTS\234101062_digitrecognition[2]\234101060_digitrecognition\234101060_digitrecognition\Debug\link.4312.write.1.tlog
D:\AYUSH AGARWAL\DOCUMENTS\PROJECTS\234101062_digitrecognition[2]\234101060_digitrecognition\234101060_digitrecognition\Debug\link.4312-cvtres.read.1.tlog
D:\AYUSH AGARWAL\DOCUMENTS\PROJECTS\234101062_digitrecognition[2]\234101060_digitrecognition\234101060_digitrecognition\Debug\link.4312-cvtres.write.1.tlog
D:\AYUSH AGARWAL\DOCUMENTS\PROJECTS\234101062_digitrecognition[2]\234101060_digitrecognition\234101060_digitrecognition\Debug\link.command.1.tlog
D:\AYUSH AGARWAL\DOCUMENTS\PROJECTS\234101062_digitrecognition[2]\234101060_digitrecognition\234101060_digitrecognition\Debug\link.read.1.tlog
D:\AYUSH AGARWAL\DOCUMENTS\PROJECTS\234101062_digitrecognition[2]\234101060_digitrecognition\234101060_digitrecognition\Debug\link.write.1.tlog
D:\AYUSH AGARWAL\DOCUMENTS\PROJECTS\234101062_digitrecognition[2]\234101060_digitrecognition\234101060_digitrecognition\Debug\link-cvtres.read.1.tlog
D:\AYUSH AGARWAL\DOCUMENTS\PROJECTS\234101062_digitrecognition[2]\234101060_digitrecognition\234101060_digitrecognition\Debug\link-cvtres.write.1.tlog
D:\AYUSH AGARWAL\DOCUMENTS\PROJECTS\234101062_digitrecognition[2]\234101060_digitrecognition\234101060_digitrecognition\Debug\mt.command.1.tlog
D:\AYUSH AGARWAL\DOCUMENTS\PROJECTS\234101062_digitrecognition[2]\234101060_digitrecognition\234101060_digitrecognition\Debug\mt.read.1.tlog
D:\AYUSH AGARWAL\DOCUMENTS\PROJECTS\234101062_digitrecognition[2]\234101060_digitrecognition\234101060_digitrecognition\Debug\mt.write.1.tlog
D:\AYUSH AGARWAL\DOCUMENTS\PROJECTS\234101062_digitrecognition[2]\234101060_digitrecognition\234101060_digitrecognition\Debug\rc.command.1.tlog
D:\AYUSH AGARWAL\DOCUMENTS\PROJECTS\234101062_digitrecognition[2]\234101060_digitrecognition\234101060_digitrecognition\Debug\rc.read.1.tlog
D:\AYUSH AGARWAL\DOCUMENTS\PROJECTS\234101062_digitrecognition[2]\234101060_digitrecognition\234101060_digitrecognition\Debug\rc.write.1.tlog
D:\AYUSH AGARWAL\DOCUMENTS\PROJECTS\234101062_DIGITRECOGNITION[2]\234101060_DIGITRECOGNITION\234101060_DIGITRECOGNITION\DEBUG\STDAFX.OBJ
D:\AYUSH AGARWAL\DOCUMENTS\PROJECTS\234101062_digitrecognition[2]\234101060_digitrecognition\234101060_digitrecognition\Debug\vc100.idb
D:\AYUSH AGARWAL\DOCUMENTS\PROJECTS\234101062_DIGITRECOGNITION[2]\234101060_DIGITRECOGNITION\234101060_DIGITRECOGNITION\DEBUG\VC100.PDB
D:\AYUSH AGARWAL\DOCUMENTS\PROJECTS\234101062_DIGITRECOGNITION[2]\234101060_DIGITRECOGNITION\DEBUG\234101060_DIGITRECOGNITION.EXE
D:\AYUSH AGARWAL\DOCUMENTS\PROJECTS\234101062_DIGITRECOGNITION[2]\234101060_DIGITRECOGNITION\DEBUG\234101060_DIGITRECOGNITION.ILK
D:\AYUSH AGARWAL\DOCUMENTS\PROJECTS\234101062_DIGITRECOGNITION[2]\234101060_DIGITRECOGNITION\DEBUG\234101060_DIGITRECOGNITION.PDB
